<?xml version="1.0" encoding="UTF-8"?>
<testsuite name="HelloWorldTest" tests="1" skipped="0" failures="0" errors="0" timestamp="2021-07-16T04:37:18" hostname="Rickys-Laptop" time="0.028">
  <properties/>
  <testcase name="helloWorldTest" classname="HelloWorldTest" time="0.028"/>
  <system-out><![CDATA[]]></system-out>
  <system-err><![CDATA[]]></system-err>
</testsuite>
