<?xml version="1.0" encoding="UTF-8"?>
<testsuite name="ClockAddTest" tests="8" skipped="0" failures="0" errors="0" timestamp="2021-08-02T04:51:05" hostname="Rickys-Laptop" time="0.007">
  <properties/>
  <testcase name="add no minutes" classname="ClockAddTest" time="0.002"/>
  <testcase name="add minutes" classname="ClockAddTest" time="0.0"/>
  <testcase name="add across midnight" classname="ClockAddTest" time="0.001"/>
  <testcase name="add more than one day" classname="ClockAddTest" time="0.0"/>
  <testcase name="add more than two hours with carry" classname="ClockAddTest" time="0.0"/>
  <testcase name="add more than two days" classname="ClockAddTest" time="0.001"/>
  <testcase name="add more than one hour" classname="ClockAddTest" time="0.0"/>
  <testcase name="add to next hour" classname="ClockAddTest" time="0.0"/>
  <system-out><![CDATA[]]></system-out>
  <system-err><![CDATA[]]></system-err>
</testsuite>
