<?xml version="1.0" encoding="UTF-8"?>
<testsuite name="ClockEqualTest" tests="16" skipped="0" failures="0" errors="0" timestamp="2021-08-02T04:51:05" hostname="Rickys-Laptop" time="0.043">
  <properties/>
  <testcase name="minute overflow by several days" classname="ClockEqualTest" time="0.027"/>
  <testcase name="clocks a minute apart" classname="ClockEqualTest" time="0.0"/>
  <testcase name="hour overflow" classname="ClockEqualTest" time="0.0"/>
  <testcase name="clocks an hour apart" classname="ClockEqualTest" time="0.0"/>
  <testcase name="negative hour" classname="ClockEqualTest" time="0.0"/>
  <testcase name="negative hours and minutes" classname="ClockEqualTest" time="0.001"/>
  <testcase name="negative minute" classname="ClockEqualTest" time="0.0"/>
  <testcase name="negative minute that wraps" classname="ClockEqualTest" time="0.001"/>
  <testcase name="full clock and zeroed clock" classname="ClockEqualTest" time="0.001"/>
  <testcase name="negative hour that wraps multiple times" classname="ClockEqualTest" time="0.0"/>
  <testcase name="hour overflow by several days" classname="ClockEqualTest" time="0.001"/>
  <testcase name="same time" classname="ClockEqualTest" time="0.001"/>
  <testcase name="negative hours and minutes that wrap" classname="ClockEqualTest" time="0.0"/>
  <testcase name="negative hour that wraps" classname="ClockEqualTest" time="0.0"/>
  <testcase name="minute overflow" classname="ClockEqualTest" time="0.0"/>
  <testcase name="negative minute that wraps multiple times" classname="ClockEqualTest" time="0.001"/>
  <system-out><![CDATA[]]></system-out>
  <system-err><![CDATA[]]></system-err>
</testsuite>
