<?xml version="1.0" encoding="UTF-8"?>
<testsuite name="NaturalNumberTest" tests="13" skipped="0" failures="0" errors="0" timestamp="2021-07-24T11:27:09" hostname="Rickys-Laptop" time="0.32">
  <properties/>
  <testcase name="mediumPerfectNumberIsClassifiedCorrectly" classname="NaturalNumberTest" time="0.003"/>
  <testcase name="largeDeficientNumberIsClassifiedCorrectly" classname="NaturalNumberTest" time="0.111"/>
  <testcase name="smallPerfectNumberIsClassifiedCorrectly" classname="NaturalNumberTest" time="0.001"/>
  <testcase name="zeroIsNotANaturalNumber" classname="NaturalNumberTest" time="0.0"/>
  <testcase name="smallAbundantNumberIsClassifiedCorrectly" classname="NaturalNumberTest" time="0.0"/>
  <testcase name="smallestPrimeDeficientNumberIsClassifiedCorrectly" classname="NaturalNumberTest" time="0.001"/>
  <testcase name="largeAbundantNumberIsClassifiedCorrectly" classname="NaturalNumberTest" time="0.109"/>
  <testcase name="largePerfectNumberIsClassifiedCorrectly" classname="NaturalNumberTest" time="0.091"/>
  <testcase name="smallestNonPrimeDeficientNumberIsClassifiedCorrectly" classname="NaturalNumberTest" time="0.0"/>
  <testcase name="mediumAbundantNumberIsClassifiedCorrectly" classname="NaturalNumberTest" time="0.0"/>
  <testcase name="negativeNumberIsNotANaturalNumber" classname="NaturalNumberTest" time="0.0"/>
  <testcase name="mediumNumberIsClassifiedCorrectly" classname="NaturalNumberTest" time="0.001"/>
  <testcase name="edgeCaseWithNoFactorsOtherThanItselfIsClassifiedCorrectly" classname="NaturalNumberTest" time="0.0"/>
  <system-out><![CDATA[]]></system-out>
  <system-err><![CDATA[]]></system-err>
</testsuite>
