<?xml version="1.0" encoding="UTF-8"?>
<testsuite name="ScaleTest" tests="17" skipped="0" failures="0" errors="0" timestamp="2021-07-31T15:35:34" hostname="Rickys-Laptop" time="0.085">
  <properties/>
  <testcase name="enigmatic" classname="ScaleTest" time="0.072"/>
  <testcase name="lydian mode" classname="ScaleTest" time="0.001"/>
  <testcase name="mixolydian mode" classname="ScaleTest" time="0.001"/>
  <testcase name="pentatonic" classname="ScaleTest" time="0.001"/>
  <testcase name="hexatonic" classname="ScaleTest" time="0.0"/>
  <testcase name="locrian mode" classname="ScaleTest" time="0.0"/>
  <testcase name="minor scale with sharps" classname="ScaleTest" time="0.001"/>
  <testcase name="major scale with flats" classname="ScaleTest" time="0.0"/>
  <testcase name="minor scale with flats" classname="ScaleTest" time="0.0"/>
  <testcase name="harmonic minor" classname="ScaleTest" time="0.001"/>
  <testcase name="octatonic" classname="ScaleTest" time="0.001"/>
  <testcase name="simple major scale" classname="ScaleTest" time="0.0"/>
  <testcase name="phrygian mode" classname="ScaleTest" time="0.001"/>
  <testcase name="chromatic scale with flats" classname="ScaleTest" time="0.0"/>
  <testcase name="major scale with sharps" classname="ScaleTest" time="0.001"/>
  <testcase name="chromatic scale with sharps" classname="ScaleTest" time="0.001"/>
  <testcase name="dorian mode" classname="ScaleTest" time="0.0"/>
  <system-out><![CDATA[Intervals:1322211
outputArr:[G, G#, B, C#, D#, F, F#]
Intervals:2221221
outputArr:[A, B, C#, D#, E, F#, G#]
Intervals:2212212
outputArr:[Eb, F, G, Ab, Bb, C, Db]
Intervals:22323
outputArr:[A, B, C#, E, F#]
Intervals:222222
outputArr:[Db, Eb, F, G, A, B]
Intervals:1221222
outputArr:[G, Ab, Bb, C, Db, Eb, F]
Intervals:2122122
outputArr:[F#, G#, A, B, C#, D, E]
Intervals:2212221
outputArr:[F, G, A, Bb, C, D, E]
Intervals:2122122
outputArr:[Bb, C, Db, Eb, F, Gb, Ab]
Intervals:2122131
outputArr:[D, E, F, G, A, Bb, Db]
Intervals:21212121
outputArr:[C, D, D#, F, F#, G#, A, B]
Intervals:2212221
outputArr:[C, D, E, F, G, A, B]
Intervals:1222122
outputArr:[E, F, G, A, B, C, D]
Intervals:2212221
outputArr:[G, A, B, C, D, E, F#]
Intervals:2122212
outputArr:[D, E, F, G, A, B, C]
]]></system-out>
  <system-err><![CDATA[]]></system-err>
</testsuite>
