<?xml version="1.0" encoding="UTF-8"?>
<testsuite name="ForthTest$CombinedArithmetic" tests="2" skipped="0" failures="0" errors="0" timestamp="2021-07-31T23:55:48" hostname="Rickys-Laptop" time="0.001">
  <properties/>
  <testcase name="multiplication and division" classname="ForthTest$CombinedArithmetic" time="0.0"/>
  <testcase name="addition and subtraction" classname="ForthTest$CombinedArithmetic" time="0.001"/>
  <system-out><![CDATA[]]></system-out>
  <system-err><![CDATA[]]></system-err>
</testsuite>
