<?xml version="1.0" encoding="UTF-8"?>
<testsuite name="ResistorColorTrioTest" tests="6" skipped="0" failures="0" errors="0" timestamp="2021-07-27T16:16:09" hostname="Rickys-Laptop" time="0.064">
  <properties/>
  <testcase name="blue grey brown" classname="ResistorColorTrioTest" time="0.061"/>
  <testcase name="orange orange black" classname="ResistorColorTrioTest" time="0.0"/>
  <testcase name="yellow violet violet" classname="ResistorColorTrioTest" time="0.0"/>
  <testcase name="yellow violet yellow" classname="ResistorColorTrioTest" time="0.0"/>
  <testcase name="red black red" classname="ResistorColorTrioTest" time="0.0"/>
  <testcase name="green brown orange" classname="ResistorColorTrioTest" time="0.0"/>
  <system-out><![CDATA[1
0
7
4
3
3
]]></system-out>
  <system-err><![CDATA[]]></system-err>
</testsuite>
