<?xml version="1.0" encoding="UTF-8"?>
<testsuite name="SieveTest" tests="4" skipped="0" failures="0" errors="0" timestamp="2021-07-31T17:09:30" hostname="Rickys-Laptop" time="0.041">
  <properties/>
  <testcase name="findFirstPrime" classname="SieveTest" time="0.027"/>
  <testcase name="noPrimesUnder2" classname="SieveTest" time="0.002"/>
  <testcase name="findPrimesUpTo1000" classname="SieveTest" time="0.012"/>
  <testcase name="findPrimesUpTo10" classname="SieveTest" time="0.0"/>
  <system-out><![CDATA[]]></system-out>
  <system-err><![CDATA[]]></system-err>
</testsuite>
