<?xml version="1.0" encoding="UTF-8"?>
<testsuite name="SchoolTest" tests="7" skipped="0" failures="0" errors="0" timestamp="2021-08-02T21:21:22" hostname="Rickys-Laptop" time="0.051">
  <properties/>
  <testcase name="grade returns an empty list if there are no students in that grade" classname="SchoolTest" time="0.03"/>
  <testcase name="student names with grades are displayed in the same sorted roster" classname="SchoolTest" time="0.015"/>
  <testcase name="adding more student adds them to the sorted roster" classname="SchoolTest" time="0.0"/>
  <testcase name="grade returns the students in that grade in alphabetical order" classname="SchoolTest" time="0.0"/>
  <testcase name="roster returns an empty list if there are no students enrolled" classname="SchoolTest" time="0.001"/>
  <testcase name="adding a student adds them to the sorted roster" classname="SchoolTest" time="0.001"/>
  <testcase name="adding students to different grades adds them to the same sorted roster" classname="SchoolTest" time="0.0"/>
  <system-out><![CDATA[]]></system-out>
  <system-err><![CDATA[]]></system-err>
</testsuite>
