<?xml version="1.0" encoding="UTF-8"?>
<testsuite name="PrimeFactorCalculatorTest" tests="7" skipped="0" failures="0" errors="0" timestamp="2021-08-02T01:53:54" hostname="Rickys-Laptop" time="0.06">
  <properties/>
  <testcase name="testThat1HasNoPrimeFactors" classname="PrimeFactorCalculatorTest" time="0.033"/>
  <testcase name="testThatASquareOfAPrimeHasExactlyOnePrimeFactorRepeatedTwice" classname="PrimeFactorCalculatorTest" time="0.011"/>
  <testcase name="testThatAProductOfPrimesAndNonPrimesIsFactoredProperly" classname="PrimeFactorCalculatorTest" time="0.0"/>
  <testcase name="testThatAProductOfSmallAndLargePrimesIsFactoredProperly" classname="PrimeFactorCalculatorTest" time="0.013"/>
  <testcase name="testThatAPrimeNumberHasExactlyOnePrimeFactor" classname="PrimeFactorCalculatorTest" time="0.0"/>
  <testcase name="testThatACubeOfAPrimeHasExactlyOnePrimeFactorRepeatedThreeTimes" classname="PrimeFactorCalculatorTest" time="0.0"/>
  <testcase name="testThatAProductOfSmallPrimesIsFactoredProperly" classname="PrimeFactorCalculatorTest" time="0.0"/>
  <system-out><![CDATA[[]
[3, 3]
[2, 2, 3]
[2]
[2, 2, 2]
[5, 17, 23, 461]
]]></system-out>
  <system-err><![CDATA[]]></system-err>
</testsuite>
