<?xml version="1.0" encoding="UTF-8"?>
<testsuite name="AtbashTest$EncodeTest" tests="8" skipped="0" failures="0" errors="0" timestamp="2021-07-26T12:07:25" hostname="Rickys-Laptop" time="0.02">
  <properties/>
  <testcase name="test[0: encode(yes) = bvh]" classname="AtbashTest$EncodeTest" time="0.012"/>
  <testcase name="test[1: encode(no) = ml]" classname="AtbashTest$EncodeTest" time="0.0"/>
  <testcase name="test[2: encode(OMG) = lnt]" classname="AtbashTest$EncodeTest" time="0.0"/>
  <testcase name="test[3: encode(O M G) = lnt]" classname="AtbashTest$EncodeTest" time="0.0"/>
  <testcase name="test[4: encode(mindblowingly) = nrmwy oldrm tob]" classname="AtbashTest$EncodeTest" time="0.003"/>
  <testcase name="test[5: encode(Testing,1 2 3, testing.) = gvhgr mt123 gvhgr mt]" classname="AtbashTest$EncodeTest" time="0.0"/>
  <testcase name="test[6: encode(Truth is fiction.) = gifgs rhurx grlm]" classname="AtbashTest$EncodeTest" time="0.0"/>
  <testcase name="test[7: encode(The quick brown fox jumps over the lazy dog.) = gsvjf rxpyi ldmul cqfnk hlevi gsvoz abwlt]" classname="AtbashTest$EncodeTest" time="0.001"/>
  <system-out><![CDATA[lengthCounter:6, s.length:13
lengthCounter:11, s.length:13
lengthCounter:6, s.length:23
lengthCounter:14, s.length:23
lengthCounter:21, s.length:23
lengthCounter:6, s.length:17
lengthCounter:13, s.length:17
lengthCounter:7, s.length:44
lengthCounter:13, s.length:44
lengthCounter:19, s.length:44
lengthCounter:25, s.length:44
lengthCounter:31, s.length:44
lengthCounter:38, s.length:44
]]></system-out>
  <system-err><![CDATA[]]></system-err>
</testsuite>
