<?xml version="1.0" encoding="UTF-8"?>
<testsuite name="DiamondPrinterTest" tests="5" skipped="0" failures="0" errors="0" timestamp="2021-07-26T18:54:07" hostname="Rickys-Laptop" time="0.058">
  <properties/>
  <testcase name="testFiveByFiveDiamond" classname="DiamondPrinterTest" time="0.054"/>
  <testcase name="testFullDiamond" classname="DiamondPrinterTest" time="0.0"/>
  <testcase name="testThreeByThreeDiamond" classname="DiamondPrinterTest" time="0.0"/>
  <testcase name="testOneByOneDiamond" classname="DiamondPrinterTest" time="0.0"/>
  <testcase name="testTwoByTwoDiamond" classname="DiamondPrinterTest" time="0.0"/>
  <system-out><![CDATA[]]></system-out>
  <system-err><![CDATA[]]></system-err>
</testsuite>
