<?xml version="1.0" encoding="UTF-8"?>
<testsuite name="SpiralMatrixTest" tests="6" skipped="0" failures="0" errors="0" timestamp="2021-07-25T14:18:22" hostname="Rickys-Laptop" time="0.009">
  <properties/>
  <testcase name="testTrivialSpiral" classname="SpiralMatrixTest" time="0.006"/>
  <testcase name="testSpiralOfSize2" classname="SpiralMatrixTest" time="0.0"/>
  <testcase name="testSpiralOfSize3" classname="SpiralMatrixTest" time="0.0"/>
  <testcase name="testSpiralOfSize4" classname="SpiralMatrixTest" time="0.0"/>
  <testcase name="testSpiralOfSize5" classname="SpiralMatrixTest" time="0.0"/>
  <testcase name="testEmptySpiral" classname="SpiralMatrixTest" time="0.0"/>
  <system-out><![CDATA[]]></system-out>
  <system-err><![CDATA[]]></system-err>
</testsuite>
