<?xml version="1.0" encoding="UTF-8"?>
<testsuite name="BaseConverterTest" tests="20" skipped="0" failures="0" errors="0" timestamp="2021-07-25T11:18:39" hostname="Rickys-Laptop" time="0.071">
  <properties/>
  <testcase name="testSingleDecimalToBinary" classname="BaseConverterTest" time="0.043"/>
  <testcase name="testDecimalToBinary" classname="BaseConverterTest" time="0.001"/>
  <testcase name="testFirstBaseIsOne" classname="BaseConverterTest" time="0.01"/>
  <testcase name="testBinaryToSingleDecimal" classname="BaseConverterTest" time="0.001"/>
  <testcase name="testFirstBaseIsZero" classname="BaseConverterTest" time="0.001"/>
  <testcase name="testLeadingZeros" classname="BaseConverterTest" time="0.001"/>
  <testcase name="testTrinaryToHexadecimal" classname="BaseConverterTest" time="0.001"/>
  <testcase name="testHexadecimalToTrinary" classname="BaseConverterTest" time="0.001"/>
  <testcase name="testSecondBaseIsZero" classname="BaseConverterTest" time="0.0"/>
  <testcase name="testEmptyDigits" classname="BaseConverterTest" time="0.0"/>
  <testcase name="testSingleZero" classname="BaseConverterTest" time="0.001"/>
  <testcase name="testBinaryToMultipleDecimal" classname="BaseConverterTest" time="0.001"/>
  <testcase name="testSecondBaseIsNegative" classname="BaseConverterTest" time="0.0"/>
  <testcase name="test15BitInteger" classname="BaseConverterTest" time="0.001"/>
  <testcase name="testSingleBitOneToDecimal" classname="BaseConverterTest" time="0.001"/>
  <testcase name="testInvalidPositiveDigit" classname="BaseConverterTest" time="0.001"/>
  <testcase name="testMultipleZeros" classname="BaseConverterTest" time="0.0"/>
  <testcase name="testNegativeDigit" classname="BaseConverterTest" time="0.001"/>
  <testcase name="testFirstBaseIsNegative" classname="BaseConverterTest" time="0.0"/>
  <testcase name="testSecondBaseIsOne" classname="BaseConverterTest" time="0.0"/>
  <system-out><![CDATA[In convTo10, value of value: 5
base10: 5
newDigits: [1, 0, 1]
In convTo10, value of value: 42
base10: 42
newDigits: [1, 0, 1, 0, 1, 0]
In convTo10, value of value: 5
base10: 5
newDigits: [5]
In convTo10, value of value: 42
base10: 42
newDigits: [2, 10]
In convTo10, value of value: 42
base10: 42
newDigits: [1, 1, 2, 0]
In convTo10, value of value: 0
base10: 0
newDigits: [0]
In convTo10, value of value: 42
base10: 42
newDigits: [4, 2]
In convTo10, value of value: 32749
base10: 32749
newDigits: [6, 10, 45]
In convTo10, value of value: 1
base10: 1
newDigits: [1]
]]></system-out>
  <system-err><![CDATA[]]></system-err>
</testsuite>
