<?xml version="1.0" encoding="UTF-8"?>
<testsuite name="RotationalCipherTest" tests="10" skipped="0" failures="0" errors="0" timestamp="2021-07-26T10:06:00" hostname="Rickys-Laptop" time="0.036">
  <properties/>
  <testcase name="testRotateLowercaseABy26SingleWrapAround" classname="RotationalCipherTest" time="0.033"/>
  <testcase name="testRotateLowercaseNBy1SingleWrapAround" classname="RotationalCipherTest" time="0.0"/>
  <testcase name="testSpacesAreUnalteredByRotation" classname="RotationalCipherTest" time="0.0"/>
  <testcase name="testRotateLowercaseABy1NoWrapAround" classname="RotationalCipherTest" time="0.0"/>
  <testcase name="testPunctuationIsUnalteredByRotation" classname="RotationalCipherTest" time="0.0"/>
  <testcase name="testNumbersAreUnalteredByRotation" classname="RotationalCipherTest" time="0.0"/>
  <testcase name="testRotateLowercaseABy0" classname="RotationalCipherTest" time="0.0"/>
  <testcase name="testAllLettersRotateCorrectly" classname="RotationalCipherTest" time="0.0"/>
  <testcase name="testRotateCapitalLettersNoWrapAround" classname="RotationalCipherTest" time="0.0"/>
  <testcase name="testRotateLowercaseMBy13NoWrapAround" classname="RotationalCipherTest" time="0.0"/>
  <system-out><![CDATA[]]></system-out>
  <system-err><![CDATA[]]></system-err>
</testsuite>
